<?xml version="1.0" encoding="UTF-8"?>
<testng-results ignored="0" total="1" passed="1" failed="0" skipped="0">
  <reporter-output>
  </reporter-output>
  <suite started-at="2021-07-04T21:58:09 IST" name="Default suite" finished-at="2021-07-04T21:58:17 IST" duration-ms="8290">
    <groups>
    </groups>
    <test started-at="2021-07-04T21:58:09 IST" name="Default test" finished-at="2021-07-04T21:58:17 IST" duration-ms="8290">
      <class name="TestNg.NewTest">
        <test-method is-config="true" signature="beforeTest()[pri:0, instance:TestNg.NewTest@71def8f8]" started-at="2021-07-04T21:58:09 IST" name="beforeTest" finished-at="2021-07-04T21:58:16 IST" duration-ms="7219" status="PASS">
          <reporter-output>
          </reporter-output>
        </test-method> <!-- beforeTest -->
        <test-method signature="f()[pri:0, instance:TestNg.NewTest@71def8f8]" started-at="2021-07-04T21:58:16 IST" name="f" finished-at="2021-07-04T21:58:16 IST" duration-ms="6" status="PASS">
          <reporter-output>
          </reporter-output>
        </test-method> <!-- f -->
        <test-method is-config="true" signature="afterTest()[pri:0, instance:TestNg.NewTest@71def8f8]" started-at="2021-07-04T21:58:16 IST" name="afterTest" finished-at="2021-07-04T21:58:17 IST" duration-ms="1017" status="PASS">
          <reporter-output>
          </reporter-output>
        </test-method> <!-- afterTest -->
      </class> <!-- TestNg.NewTest -->
    </test> <!-- Default test -->
  </suite> <!-- Default suite -->
</testng-results>
